TN:
SF:src/services/ClusteringService.js
FN:14,calculateDistance
FN:34,(anonymous_1)
FN:35,(anonymous_2)
FN:39,(anonymous_3)
FN:46,(anonymous_4)
FN:69,isValidCoordinate
FN:86,createGridIndex
FN:93,(anonymous_7)
FN:117,getNearbyIndices
FN:149,clusterEvents
FN:207,(anonymous_10)
FN:229,generateClusterId
FNF:12
FNH:12
FNDA:6,calculateDistance
FNDA:7,(anonymous_1)
FNDA:13,(anonymous_2)
FNDA:32,(anonymous_3)
FNDA:6,(anonymous_4)
FNDA:16,isValidCoordinate
FNDA:7,createGridIndex
FNDA:13,(anonymous_7)
FNDA:13,getNearbyIndices
FNDA:16,clusterEvents
FNDA:13,(anonymous_10)
FNDA:8,generateClusterId
DA:15,6
DA:16,6
DA:17,6
DA:18,6
DA:19,6
DA:22,6
DA:26,6
DA:27,6
DA:35,13
DA:36,7
DA:40,32
DA:41,7
DA:43,32
DA:47,6
DA:48,6
DA:50,6
DA:53,5
DA:54,0
DA:55,5
DA:56,1
DA:58,4
DA:59,4
DA:70,16
DA:71,0
DA:74,16
DA:87,7
DA:88,7
DA:89,7
DA:91,7
DA:93,7
DA:94,13
DA:95,13
DA:97,13
DA:98,13
DA:99,13
DA:101,13
DA:102,8
DA:104,13
DA:107,7
DA:118,13
DA:119,13
DA:120,39
DA:121,117
DA:122,117
DA:123,13
DA:127,13
DA:151,16
DA:152,3
DA:155,13
DA:156,4
DA:159,9
DA:160,1
DA:164,8
DA:165,8
DA:166,18
DA:167,5
DA:168,5
DA:169,5
DA:171,13
DA:174,8
DA:175,1
DA:179,7
DA:180,7
DA:183,7
DA:186,7
DA:187,13
DA:188,13
DA:190,13
DA:191,13
DA:193,13
DA:195,13
DA:196,25
DA:197,6
DA:198,6
DA:199,6
DA:206,7
DA:207,7
DA:208,13
DA:210,13
DA:211,8
DA:214,13
DA:220,7
DA:230,8
DA:233,1
LF:84
LH:82
BRDA:40,0,0,7
BRDA:40,0,1,25
BRDA:50,1,0,1
BRDA:50,1,1,5
BRDA:53,2,0,0
BRDA:53,2,1,5
BRDA:55,3,0,1
BRDA:55,3,1,4
BRDA:70,4,0,0
BRDA:70,4,1,16
BRDA:70,5,0,16
BRDA:70,5,1,16
BRDA:70,5,2,16
BRDA:74,6,0,16
BRDA:74,6,1,16
BRDA:74,6,2,13
BRDA:74,6,3,13
BRDA:101,7,0,8
BRDA:101,7,1,5
BRDA:122,8,0,13
BRDA:122,8,1,104
BRDA:151,9,0,3
BRDA:151,9,1,13
BRDA:155,10,0,4
BRDA:155,10,1,9
BRDA:155,11,0,13
BRDA:155,11,1,11
BRDA:159,12,0,1
BRDA:159,12,1,8
BRDA:166,13,0,5
BRDA:166,13,1,13
BRDA:166,14,0,18
BRDA:166,14,1,16
BRDA:167,15,0,5
BRDA:167,15,1,0
BRDA:174,16,0,1
BRDA:174,16,1,7
BRDA:196,17,0,6
BRDA:196,17,1,19
BRDA:198,18,0,6
BRDA:198,18,1,0
BRDA:210,19,0,8
BRDA:210,19,1,5
BRF:43
BRH:39
end_of_record
TN:
SF:src/services/geocoding/index.ts
FNF:0
FNH:0
LF:0
LH:0
BRF:0
BRH:0
end_of_record
TN:
SF:src/services/twitter/index.ts
FNF:0
FNH:0
LF:0
LH:0
BRF:0
BRH:0
end_of_record
TN:
SF:src/services/twitter/mockClient.ts
FN:12,(anonymous_0)
FNF:1
FNH:0
FNDA:0,(anonymous_0)
DA:13,0
DA:14,0
DA:16,0
LF:3
LH:0
BRDA:12,0,0,0
BRDA:13,1,0,0
BRDA:13,1,1,0
BRF:3
BRH:0
end_of_record
